<?xml version="1.0" encoding="UTF-8"?>
<testsuite name="com.serenity.junit.features.search.SearchByKeywordStory" time="78.243" tests="1" errors="1" skipped="0" failures="0">
  <properties>
    <property name="idea.version" value="2016.2.5"/>
    <property name="java.runtime.name" value="Java(TM) SE Runtime Environment"/>
    <property name="sun.boot.library.path" value="C:\Program Files\Java\jdk1.8.0_111\jre\bin"/>
    <property name="java.vm.version" value="25.111-b14"/>
    <property name="user.country.format" value="UA"/>
    <property name="java.vm.vendor" value="Oracle Corporation"/>
    <property name="java.vendor.url" value="http://java.oracle.com/"/>
    <property name="path.separator" value=";"/>
    <property name="guice.disable.misplaced.annotation.check" value="true"/>
    <property name="java.vm.name" value="Java HotSpot(TM) 64-Bit Server VM"/>
    <property name="file.encoding.pkg" value="sun.io"/>
    <property name="idea.launcher.port" value="7540"/>
    <property name="user.script" value=""/>
    <property name="user.country" value="GB"/>
    <property name="sun.java.launcher" value="SUN_STANDARD"/>
    <property name="sun.os.patch.level" value=""/>
    <property name="java.vm.specification.name" value="Java Virtual Machine Specification"/>
    <property name="user.dir" value="D:\testframeworks\serenityjunit"/>
    <property name="java.runtime.version" value="1.8.0_111-b14"/>
    <property name="java.awt.graphicsenv" value="sun.awt.Win32GraphicsEnvironment"/>
    <property name="java.endorsed.dirs" value="C:\Program Files\Java\jdk1.8.0_111\jre\lib\endorsed"/>
    <property name="os.arch" value="amd64"/>
    <property name="java.io.tmpdir" value="C:\Users\Maryna\AppData\Local\Temp\"/>
    <property name="line.separator" value="&#10;"/>
    <property name="java.vm.specification.vendor" value="Oracle Corporation"/>
    <property name="user.variant" value=""/>
    <property name="os.name" value="Windows 10"/>
    <property name="classworlds.conf" value="C:\Program Files (x86)\JetBrains\IntelliJ IDEA Community Edition 2016.2.5\plugins\maven\lib\maven3\bin\m2.conf"/>
    <property name="sun.jnu.encoding" value="Cp1251"/>
    <property name="java.library.path" value="C:\Program Files\Java\jdk1.8.0_111\bin;C:\WINDOWS\Sun\Java\bin;C:\WINDOWS\system32;C:\WINDOWS;C:\ProgramData\Oracle\Java\javapath;C:\WINDOWS\system32;C:\WINDOWS;C:\WINDOWS\System32\Wbem;C:\WINDOWS\System32\WindowsPowerShell\v1.0\;C:\Program Files\Java\jdk1.8.0_111\bin;C:\Program Files\apache-maven-3.3.9\bin;C:\Program Files\Git\cmd;C:\Program Files\nodejs\;C:\Users\Maryna\apache-tomcat-8.0.39-windows-x64\apache-tomcat-8.0.39\bin;C:\Program Files (x86)\Skype\Phone\;C:\Program Files\phantomjs-2.1.1-windows\bin;C:\Users\Maryna\AppData\Local\Microsoft\WindowsApps;C:\Users\Maryna\AppData\Roaming\npm;."/>
    <property name="java.specification.name" value="Java Platform API Specification"/>
    <property name="java.class.version" value="52.0"/>
    <property name="sun.management.compiler" value="HotSpot 64-Bit Tiered Compilers"/>
    <property name="os.version" value="10.0"/>
    <property name="user.home" value="C:\Users\Maryna"/>
    <property name="user.timezone" value="Europe/Helsinki"/>
    <property name="java.awt.printerjob" value="sun.awt.windows.WPrinterJob"/>
    <property name="java.specification.version" value="1.8"/>
    <property name="idea.launcher.bin.path" value="C:\Program Files (x86)\JetBrains\IntelliJ IDEA Community Edition 2016.2.5\bin"/>
    <property name="file.encoding" value="UTF-8"/>
    <property name="user.name" value="Maryna"/>
    <property name="java.class.path" value="C:\Program Files (x86)\JetBrains\IntelliJ IDEA Community Edition 2016.2.5\plugins\maven\lib\maven3\boot\plexus-classworlds-2.4.jar;C:\Program Files (x86)\JetBrains\IntelliJ IDEA Community Edition 2016.2.5\lib\idea_rt.jar"/>
    <property name="java.vm.specification.version" value="1.8"/>
    <property name="sun.arch.data.model" value="64"/>
    <property name="java.home" value="C:\Program Files\Java\jdk1.8.0_111\jre"/>
    <property name="sun.java.command" value="com.intellij.rt.execution.application.AppMain org.codehaus.classworlds.Launcher -Didea.version=2016.2.5 install"/>
    <property name="java.specification.vendor" value="Oracle Corporation"/>
    <property name="user.language" value="en"/>
    <property name="user.language.format" value="uk"/>
    <property name="awt.toolkit" value="sun.awt.windows.WToolkit"/>
    <property name="java.vm.info" value="mixed mode"/>
    <property name="java.version" value="1.8.0_111"/>
    <property name="java.ext.dirs" value="C:\Program Files\Java\jdk1.8.0_111\jre\lib\ext;C:\WINDOWS\Sun\Java\lib\ext"/>
    <property name="sun.boot.class.path" value="C:\Program Files\Java\jdk1.8.0_111\jre\lib\resources.jar;C:\Program Files\Java\jdk1.8.0_111\jre\lib\rt.jar;C:\Program Files\Java\jdk1.8.0_111\jre\lib\sunrsasign.jar;C:\Program Files\Java\jdk1.8.0_111\jre\lib\jsse.jar;C:\Program Files\Java\jdk1.8.0_111\jre\lib\jce.jar;C:\Program Files\Java\jdk1.8.0_111\jre\lib\charsets.jar;C:\Program Files\Java\jdk1.8.0_111\jre\lib\jfr.jar;C:\Program Files\Java\jdk1.8.0_111\jre\classes"/>
    <property name="java.vendor" value="Oracle Corporation"/>
    <property name="maven.home" value="C:\Program Files (x86)\JetBrains\IntelliJ IDEA Community Edition 2016.2.5\plugins\maven\lib\maven3"/>
    <property name="file.separator" value="\"/>
    <property name="java.vendor.url.bug" value="http://bugreport.sun.com/bugreport/"/>
    <property name="sun.cpu.endian" value="little"/>
    <property name="sun.io.unicode.encoding" value="UnicodeLittle"/>
    <property name="sun.desktop" value="windows"/>
    <property name="sun.cpu.isalist" value="amd64"/>
  </properties>
  <testcase name="search_results_should_show_the_search_term_in_the_title" classname="com.serenity.junit.features.search.SearchByKeywordStory" time="78.243">
    <error message="Could not instantiate new webdriver instance of type class org.openqa.selenium.firefox.FirefoxDriver (Failed to connect to binary FirefoxBinary(C:\Program Files (x86)\Mozilla Firefox\firefox.exe) on port 7055; process output follows: &#10;le&quot;:true,&quot;active&quot;:true,&quot;userDisabled&quot;:false,&quot;appDisabled&quot;:false,&quot;descriptor&quot;:&quot;C:\\Program Files (x86)\\Mozilla Firefox\\browser\\extensions\\{972ce4c6-7e08-4474-a285-3208198ce6fd}.xpi&quot;,&quot;installDate&quot;:1496861270707,&quot;updateDate&quot;:1496861270707,&quot;applyBackgroundUpdates&quot;:1,&quot;skinnable&quot;:true,&quot;size&quot;:19587,&quot;sourceURI&quot;:null,&quot;releaseNotesURI&quot;:null,&quot;softDisabled&quot;:false,&quot;foreignInstall&quot;:false,&quot;hasBinaryComponents&quot;:false,&quot;strictCompatibility&quot;:true,&quot;locales&quot;:[],&quot;targetApplications&quot;:[{&quot;id&quot;:&quot;{ec8030f7-c20a-464f-9b0e-13a3a9e97384}&quot;,&quot;minVersion&quot;:&quot;52.1.2&quot;,&quot;maxVersion&quot;:&quot;52.1.2&quot;}],&quot;targetPlatforms&quot;:[],&quot;seen&quot;:true,&quot;dependencies&quot;:[],&quot;hasEmbeddedWebExtension&quot;:false}&#10;1499623958088	addons.xpi	DEBUG	getModTime: Recursive scan of {972ce4c6-7e08-4474-a285-3208198ce6fd}&#10;1499623958092	DeferredSave.extensions.json	DEBUG	Save changes&#10;1499623958092	addons.xpi	DEBUG	Updating database with changes to installed add-ons&#10;1499623958093	addons.xpi-utils	DEBUG	Updating add-on states&#10;1499623958096	addons.xpi-utils	DEBUG	Writing add-ons list&#10;1499623958393	addons.xpi	DEBUG	Registering manifest for C:\Program Files (x86)\Mozilla Firefox\browser\features\aushelper@mozilla.org.xpi&#10;1499623958396	addons.xpi	DEBUG	Calling bootstrap method startup on aushelper@mozilla.org version 2.0&#10;1499623958404	addons.xpi	DEBUG	Registering manifest for C:\Program Files (x86)\Mozilla Firefox\browser\features\e10srollout@mozilla.org.xpi&#10;1499623958407	addons.xpi	DEBUG	Calling bootstrap method startup on e10srollout@mozilla.org version 1.9&#10;1499623958473	addons.xpi	DEBUG	Registering manifest for C:\Program Files (x86)\Mozilla Firefox\browser\features\firefox@getpocket.com.xpi&#10;1499623958476	addons.xpi	DEBUG	Calling bootstrap method startup on firefox@getpocket.com version 1.0.5&#10;1499623958482	addons.xpi	DEBUG	Registering manifest for C:\Program Files (x86)\Mozilla Firefox\browser\features\webcompat@mozilla.org.xpi&#10;1499623958485	addons.xpi	DEBUG	Calling bootstrap method startup on webcompat@mozilla.org version 1.0&#10;1499623958501	addons.manager	DEBUG	Registering shutdown blocker for XPIProvider&#10;1499623958505	addons.manager	DEBUG	Provider finished startup: XPIProvider&#10;1499623958508	addons.manager	DEBUG	Starting provider: LightweightThemeManager&#10;1499623958511	addons.manager	DEBUG	Registering shutdown blocker for LightweightThemeManager&#10;1499623958511	addons.manager	DEBUG	Provider finished startup: LightweightThemeManager&#10;1499623958514	addons.manager	DEBUG	Starting provider: GMPProvider&#10;1499623958622	addons.manager	DEBUG	Registering shutdown blocker for GMPProvider&#10;1499623958623	addons.manager	DEBUG	Provider finished startup: GMPProvider&#10;1499623958624	addons.manager	DEBUG	Starting provider: PluginProvider&#10;1499623958626	addons.manager	DEBUG	Registering shutdown blocker for PluginProvider&#10;1499623958627	addons.manager	DEBUG	Provider finished startup: PluginProvider&#10;1499623958630	addons.manager	DEBUG	Completed startup sequence&#10;1499623966661	addons.manager	DEBUG	Starting provider: &lt;unnamed-provider&gt;&#10;1499623966662	addons.manager	DEBUG	Registering shutdown blocker for &lt;unnamed-provider&gt;&#10;1499623966664	addons.manager	DEBUG	Provider finished startup: &lt;unnamed-provider&gt;&#10;1499623974031	DeferredSave.extensions.json	DEBUG	Write succeeded&#10;1499623974032	addons.xpi-utils	DEBUG	XPI Database saved, setting schema version preference to 19&#10;1499623974034	DeferredSave.extensions.json	DEBUG	Starting timer&#10;1499623974072	DeferredSave.extensions.json	DEBUG	Starting write&#10;1499623975204	addons.repository	DEBUG	No addons.json found.&#10;1499623975207	DeferredSave.addons.json	DEBUG	Save changes&#10;1499623975224	DeferredSave.addons.json	DEBUG	Starting timer&#10;1499623975454	addons.manager	DEBUG	Starting provider: PreviousExperimentProvider&#10;1499623975454	addons.manager	DEBUG	Registering shutdown blocker for PreviousExperimentProvider&#10;1499623975456	addons.manager	DEBUG	Provider finished startup: PreviousExperimentProvider&#10;1499623976055	DeferredSave.addons.json	DEBUG	Starting write&#10;1499623980012	DeferredSave.extensions.json	DEBUG	Write succeeded&#10;1499623980099	DeferredSave.addons.json	DEBUG	Write succeeded&#10;&#10;Build info: version: &apos;2.53.1&apos;, revision: &apos;a36b8b1cd5757287168e54b817830adce9b0158d&apos;, time: &apos;2016-06-30 19:26:09&apos;&#10;System info: host: &apos;DESKTOP-O6568G8&apos;, ip: &apos;192.168.1.176&apos;, os.name: &apos;Windows 10&apos;, os.arch: &apos;amd64&apos;, os.version: &apos;10.0&apos;, java.version: &apos;1.8.0_111&apos;&#10;Driver info: driver.version: FirefoxDriver" type="net.thucydides.core.webdriver.UnsupportedDriverException"><![CDATA[net.thucydides.core.webdriver.UnsupportedDriverException: Could not instantiate new webdriver instance of type class org.openqa.selenium.firefox.FirefoxDriver (Failed to connect to binary FirefoxBinary(C:\Program Files (x86)\Mozilla Firefox\firefox.exe) on port 7055; process output follows: 
le":true,"active":true,"userDisabled":false,"appDisabled":false,"descriptor":"C:\\Program Files (x86)\\Mozilla Firefox\\browser\\extensions\\{972ce4c6-7e08-4474-a285-3208198ce6fd}.xpi","installDate":1496861270707,"updateDate":1496861270707,"applyBackgroundUpdates":1,"skinnable":true,"size":19587,"sourceURI":null,"releaseNotesURI":null,"softDisabled":false,"foreignInstall":false,"hasBinaryComponents":false,"strictCompatibility":true,"locales":[],"targetApplications":[{"id":"{ec8030f7-c20a-464f-9b0e-13a3a9e97384}","minVersion":"52.1.2","maxVersion":"52.1.2"}],"targetPlatforms":[],"seen":true,"dependencies":[],"hasEmbeddedWebExtension":false}
1499623958088	addons.xpi	DEBUG	getModTime: Recursive scan of {972ce4c6-7e08-4474-a285-3208198ce6fd}
1499623958092	DeferredSave.extensions.json	DEBUG	Save changes
1499623958092	addons.xpi	DEBUG	Updating database with changes to installed add-ons
1499623958093	addons.xpi-utils	DEBUG	Updating add-on states
1499623958096	addons.xpi-utils	DEBUG	Writing add-ons list
1499623958393	addons.xpi	DEBUG	Registering manifest for C:\Program Files (x86)\Mozilla Firefox\browser\features\aushelper@mozilla.org.xpi
1499623958396	addons.xpi	DEBUG	Calling bootstrap method startup on aushelper@mozilla.org version 2.0
1499623958404	addons.xpi	DEBUG	Registering manifest for C:\Program Files (x86)\Mozilla Firefox\browser\features\e10srollout@mozilla.org.xpi
1499623958407	addons.xpi	DEBUG	Calling bootstrap method startup on e10srollout@mozilla.org version 1.9
1499623958473	addons.xpi	DEBUG	Registering manifest for C:\Program Files (x86)\Mozilla Firefox\browser\features\firefox@getpocket.com.xpi
1499623958476	addons.xpi	DEBUG	Calling bootstrap method startup on firefox@getpocket.com version 1.0.5
1499623958482	addons.xpi	DEBUG	Registering manifest for C:\Program Files (x86)\Mozilla Firefox\browser\features\webcompat@mozilla.org.xpi
1499623958485	addons.xpi	DEBUG	Calling bootstrap method startup on webcompat@mozilla.org version 1.0
1499623958501	addons.manager	DEBUG	Registering shutdown blocker for XPIProvider
1499623958505	addons.manager	DEBUG	Provider finished startup: XPIProvider
1499623958508	addons.manager	DEBUG	Starting provider: LightweightThemeManager
1499623958511	addons.manager	DEBUG	Registering shutdown blocker for LightweightThemeManager
1499623958511	addons.manager	DEBUG	Provider finished startup: LightweightThemeManager
1499623958514	addons.manager	DEBUG	Starting provider: GMPProvider
1499623958622	addons.manager	DEBUG	Registering shutdown blocker for GMPProvider
1499623958623	addons.manager	DEBUG	Provider finished startup: GMPProvider
1499623958624	addons.manager	DEBUG	Starting provider: PluginProvider
1499623958626	addons.manager	DEBUG	Registering shutdown blocker for PluginProvider
1499623958627	addons.manager	DEBUG	Provider finished startup: PluginProvider
1499623958630	addons.manager	DEBUG	Completed startup sequence
1499623966661	addons.manager	DEBUG	Starting provider: <unnamed-provider>
1499623966662	addons.manager	DEBUG	Registering shutdown blocker for <unnamed-provider>
1499623966664	addons.manager	DEBUG	Provider finished startup: <unnamed-provider>
1499623974031	DeferredSave.extensions.json	DEBUG	Write succeeded
1499623974032	addons.xpi-utils	DEBUG	XPI Database saved, setting schema version preference to 19
1499623974034	DeferredSave.extensions.json	DEBUG	Starting timer
1499623974072	DeferredSave.extensions.json	DEBUG	Starting write
1499623975204	addons.repository	DEBUG	No addons.json found.
1499623975207	DeferredSave.addons.json	DEBUG	Save changes
1499623975224	DeferredSave.addons.json	DEBUG	Starting timer
1499623975454	addons.manager	DEBUG	Starting provider: PreviousExperimentProvider
1499623975454	addons.manager	DEBUG	Registering shutdown blocker for PreviousExperimentProvider
1499623975456	addons.manager	DEBUG	Provider finished startup: PreviousExperimentProvider
1499623976055	DeferredSave.addons.json	DEBUG	Starting write
1499623980012	DeferredSave.extensions.json	DEBUG	Write succeeded
1499623980099	DeferredSave.addons.json	DEBUG	Write succeeded

Build info: version: '2.53.1', revision: 'a36b8b1cd5757287168e54b817830adce9b0158d', time: '2016-06-30 19:26:09'
System info: host: 'DESKTOP-O6568G8', ip: '192.168.1.176', os.name: 'Windows 10', os.arch: 'amd64', os.version: '10.0', java.version: '1.8.0_111'
Driver info: driver.version: FirefoxDriver
	at com.serenity.junit.tasks.OpenTheApplication.performAs(OpenTheApplication.java:15)
	at com.serenity.junit.features.search.SearchByKeywordStory.search_results_should_show_the_search_term_in_the_title(SearchByKeywordStory.java:41)
]]></error>
    <system-err><![CDATA[[main] INFO net.thucydides.core.util.PropertiesFileLocalPreferences - serenity.test.root=com.serenity.junit.features
[main] INFO net.thucydides.core.util.PropertiesFileLocalPreferences - serenity.project.name=Demo Project using Serenity Screenplay and JUnit
[main] INFO net.serenitybdd.core.Serenity - 

-------------------------------------------------------------------------------------
     _______. _______ .______       _______ .__   __.  __  .___________.____    ____ 
    /       ||   ____||   _  \     |   ____||  \ |  | |  | |           |\   \  /   / 
   |   (----`|  |__   |  |_)  |    |  |__   |   \|  | |  | `---|  |----` \   \/   /  
    \   \    |   __|  |      /     |   __|  |  . `  | |  |     |  |       \_    _/   
.----)   |   |  |____ |  |\  \----.|  |____ |  |\   | |  |     |  |         |  |     
|_______/    |_______|| _| `._____||_______||__| \__| |__|     |__|         |__|    
-------------------------------------------------------------------------------------

[main] INFO net.serenitybdd.core.Serenity - PREPARING TO EXECUTE 1 TESTS
[main] INFO net.serenitybdd.core.Serenity - Test Suite Started: Search by keyword story
[main] INFO net.serenitybdd.core.Serenity - 
 _____ _____ ____ _____   ____ _____  _    ____ _____ _____ ____  
|_   _| ____/ ___|_   _| / ___|_   _|/ \  |  _ \_   _| ____|  _ \ 
  | | |  _| \___ \ | |   \___ \ | | / _ \ | |_) || | |  _| | | | |
  | | | |___ ___) || |    ___) || |/ ___ \|  _ < | | | |___| |_| |
  |_| |_____|____/ |_|   |____/ |_/_/   \_\_| \_\|_| |_____|____/ 
                                                                  

TEST STARTED: search_results_should_show_the_search_term_in_the_title
-------------------------------------------------------------------
[main] INFO net.serenitybdd.core.Serenity - TEST NUMBER: 1
org.openqa.selenium.firefox.NotConnectedException: Unable to connect to host 127.0.0.1 on port 7055 after 45000 ms. Firefox console output:
le":true,"active":true,"userDisabled":false,"appDisabled":false,"descriptor":"C:\\Program Files (x86)\\Mozilla Firefox\\browser\\extensions\\{972ce4c6-7e08-4474-a285-3208198ce6fd}.xpi","installDate":1496861270707,"updateDate":1496861270707,"applyBackgroundUpdates":1,"skinnable":true,"size":19587,"sourceURI":null,"releaseNotesURI":null,"softDisabled":false,"foreignInstall":false,"hasBinaryComponents":false,"strictCompatibility":true,"locales":[],"targetApplications":[{"id":"{ec8030f7-c20a-464f-9b0e-13a3a9e97384}","minVersion":"52.1.2","maxVersion":"52.1.2"}],"targetPlatforms":[],"seen":true,"dependencies":[],"hasEmbeddedWebExtension":false}
1499623958088	addons.xpi	DEBUG	getModTime: Recursive scan of {972ce4c6-7e08-4474-a285-3208198ce6fd}
1499623958092	DeferredSave.extensions.json	DEBUG	Save changes
1499623958092	addons.xpi	DEBUG	Updating database with changes to installed add-ons
1499623958093	addons.xpi-utils	DEBUG	Updating add-on states
1499623958096	addons.xpi-utils	DEBUG	Writing add-ons list
1499623958393	addons.xpi	DEBUG	Registering manifest for C:\Program Files (x86)\Mozilla Firefox\browser\features\aushelper@mozilla.org.xpi
1499623958396	addons.xpi	DEBUG	Calling bootstrap method startup on aushelper@mozilla.org version 2.0
1499623958404	addons.xpi	DEBUG	Registering manifest for C:\Program Files (x86)\Mozilla Firefox\browser\features\e10srollout@mozilla.org.xpi
1499623958407	addons.xpi	DEBUG	Calling bootstrap method startup on e10srollout@mozilla.org version 1.9
1499623958473	addons.xpi	DEBUG	Registering manifest for C:\Program Files (x86)\Mozilla Firefox\browser\features\firefox@getpocket.com.xpi
1499623958476	addons.xpi	DEBUG	Calling bootstrap method startup on firefox@getpocket.com version 1.0.5
1499623958482	addons.xpi	DEBUG	Registering manifest for C:\Program Files (x86)\Mozilla Firefox\browser\features\webcompat@mozilla.org.xpi
1499623958485	addons.xpi	DEBUG	Calling bootstrap method startup on webcompat@mozilla.org version 1.0
1499623958501	addons.manager	DEBUG	Registering shutdown blocker for XPIProvider
1499623958505	addons.manager	DEBUG	Provider finished startup: XPIProvider
1499623958508	addons.manager	DEBUG	Starting provider: LightweightThemeManager
1499623958511	addons.manager	DEBUG	Registering shutdown blocker for LightweightThemeManager
1499623958511	addons.manager	DEBUG	Provider finished startup: LightweightThemeManager
1499623958514	addons.manager	DEBUG	Starting provider: GMPProvider
1499623958622	addons.manager	DEBUG	Registering shutdown blocker for GMPProvider
1499623958623	addons.manager	DEBUG	Provider finished startup: GMPProvider
1499623958624	addons.manager	DEBUG	Starting provider: PluginProvider
1499623958626	addons.manager	DEBUG	Registering shutdown blocker for PluginProvider
1499623958627	addons.manager	DEBUG	Provider finished startup: PluginProvider
1499623958630	addons.manager	DEBUG	Completed startup sequence
1499623966661	addons.manager	DEBUG	Starting provider: <unnamed-provider>
1499623966662	addons.manager	DEBUG	Registering shutdown blocker for <unnamed-provider>
1499623966664	addons.manager	DEBUG	Provider finished startup: <unnamed-provider>
1499623974031	DeferredSave.extensions.json	DEBUG	Write succeeded
1499623974032	addons.xpi-utils	DEBUG	XPI Database saved, setting schema version preference to 19
1499623974034	DeferredSave.extensions.json	DEBUG	Starting timer
1499623974072	DeferredSave.extensions.json	DEBUG	Starting write
1499623975204	addons.repository	DEBUG	No addons.json found.
1499623975207	DeferredSave.addons.json	DEBUG	Save changes
1499623975224	DeferredSave.addons.json	DEBUG	Starting timer
1499623975454	addons.manager	DEBUG	Starting provider: PreviousExperimentProvider
1499623975454	addons.manager	DEBUG	Registering shutdown blocker for PreviousExperimentProvider
1499623975456	addons.manager	DEBUG	Provider finished startup: PreviousExperimentProvider
1499623976055	DeferredSave.addons.json	DEBUG	Starting write
1499623980012	DeferredSave.extensions.json	DEBUG	Write succeeded
1499623980099	DeferredSave.addons.json	DEBUG	Write succeeded

	at org.openqa.selenium.firefox.internal.NewProfileExtensionConnection.start(NewProfileExtensionConnection.java:113)
	at org.openqa.selenium.firefox.FirefoxDriver.startClient(FirefoxDriver.java:271)
	at org.openqa.selenium.remote.RemoteWebDriver.<init>(RemoteWebDriver.java:119)
	at org.openqa.selenium.firefox.FirefoxDriver.<init>(FirefoxDriver.java:216)
	at org.openqa.selenium.firefox.FirefoxDriver.<init>(FirefoxDriver.java:211)
	at org.openqa.selenium.firefox.FirefoxDriver.<init>(FirefoxDriver.java:128)
	at net.serenitybdd.core.webdriver.driverproviders.FirefoxDriverProvider.newFirefoxDriver(FirefoxDriverProvider.java:67)
	at net.serenitybdd.core.webdriver.driverproviders.FirefoxDriverProvider.newInstance(FirefoxDriverProvider.java:51)
	at net.thucydides.core.webdriver.WebDriverFactory.newWebdriverInstance(WebDriverFactory.java:125)
	at net.thucydides.core.webdriver.WebDriverFacade.newDriverInstance(WebDriverFacade.java:144)
	at net.thucydides.core.webdriver.WebDriverFacade.newProxyDriver(WebDriverFacade.java:135)
	at net.thucydides.core.webdriver.WebDriverFacade.getProxiedDriver(WebDriverFacade.java:105)
	at net.thucydides.core.webdriver.WebDriverFacade.openIgnoringHtmlUnitScriptErrors(WebDriverFacade.java:180)
	at net.thucydides.core.webdriver.WebDriverFacade.get(WebDriverFacade.java:175)
	at net.serenitybdd.core.pages.PageObject.openPageAtUrl(PageObject.java:829)
	at net.serenitybdd.core.pages.PageObject.open(PageObject.java:739)
	at net.serenitybdd.core.pages.PageObject.open(PageObject.java:727)
	at net.serenitybdd.screenplay.actions.OpenPage.performAs(OpenPage.java:22)
	at net.serenitybdd.screenplay.actions.OpenPage$$EnhancerByCGLIB$$1dcad718.CGLIB$performAs$0(<generated>)
	at net.serenitybdd.screenplay.actions.OpenPage$$EnhancerByCGLIB$$1dcad718$$FastClassByCGLIB$$3674a13b.invoke(<generated>)
	at net.sf.cglib.proxy.MethodProxy.invokeSuper(MethodProxy.java:228)
	at net.thucydides.core.steps.StepInterceptor.invokeMethod(StepInterceptor.java:372)
	at net.thucydides.core.steps.StepInterceptor.executeTestStepMethod(StepInterceptor.java:357)
	at net.thucydides.core.steps.StepInterceptor.runTestStep(StepInterceptor.java:332)
	at net.thucydides.core.steps.StepInterceptor.testStepResult(StepInterceptor.java:134)
	at net.thucydides.core.steps.StepInterceptor.intercept(StepInterceptor.java:61)
	at net.serenitybdd.screenplay.actions.OpenPage$$EnhancerByCGLIB$$1dcad718.performAs(<generated>)
	at net.serenitybdd.screenplay.Actor.perform(Actor.java:96)
	at net.serenitybdd.screenplay.Actor.attemptsTo(Actor.java:80)
	at com.serenity.junit.tasks.OpenTheApplication.performAs(OpenTheApplication.java:15)
	at com.serenity.junit.tasks.OpenTheApplication$$EnhancerByCGLIB$$595be6bd.CGLIB$performAs$0(<generated>)
	at com.serenity.junit.tasks.OpenTheApplication$$EnhancerByCGLIB$$595be6bd$$FastClassByCGLIB$$f38cf1e5.invoke(<generated>)
	at net.sf.cglib.proxy.MethodProxy.invokeSuper(MethodProxy.java:228)
	at net.thucydides.core.steps.StepInterceptor.invokeMethod(StepInterceptor.java:372)
	at net.thucydides.core.steps.StepInterceptor.executeTestStepMethod(StepInterceptor.java:357)
	at net.thucydides.core.steps.StepInterceptor.runTestStep(StepInterceptor.java:332)
	at net.thucydides.core.steps.StepInterceptor.testStepResult(StepInterceptor.java:134)
	at net.thucydides.core.steps.StepInterceptor.intercept(StepInterceptor.java:61)
	at com.serenity.junit.tasks.OpenTheApplication$$EnhancerByCGLIB$$595be6bd.performAs(<generated>)
	at net.serenitybdd.screenplay.Actor.perform(Actor.java:96)
	at net.serenitybdd.screenplay.Actor.attemptsTo(Actor.java:80)
	at net.serenitybdd.screenplay.Actor.wasAbleTo(Actor.java:74)
	at com.serenity.junit.features.search.SearchByKeywordStory.search_results_should_show_the_search_term_in_the_title(SearchByKeywordStory.java:41)
	at sun.reflect.NativeMethodAccessorImpl.invoke0(Native Method)
	at sun.reflect.NativeMethodAccessorImpl.invoke(NativeMethodAccessorImpl.java:62)
	at sun.reflect.DelegatingMethodAccessorImpl.invoke(DelegatingMethodAccessorImpl.java:43)
	at java.lang.reflect.Method.invoke(Method.java:498)
	at org.junit.runners.model.FrameworkMethod$1.runReflectiveCall(FrameworkMethod.java:50)
	at org.junit.internal.runners.model.ReflectiveCallable.run(ReflectiveCallable.java:12)
	at org.junit.runners.model.FrameworkMethod.invokeExplosively(FrameworkMethod.java:47)
	at org.junit.internal.runners.statements.InvokeMethod.evaluate(InvokeMethod.java:17)
	at net.serenitybdd.junit.runners.SerenityStatement.evaluate(SerenityStatement.java:24)
	at org.junit.internal.runners.statements.RunBefores.evaluate(RunBefores.java:26)
	at org.junit.runners.ParentRunner.runLeaf(ParentRunner.java:325)
	at org.junit.runners.BlockJUnit4ClassRunner.runChild(BlockJUnit4ClassRunner.java:78)
	at net.serenitybdd.junit.runners.SerenityRunner.performRunChild(SerenityRunner.java:460)
	at net.serenitybdd.junit.runners.SerenityRunner.runChild(SerenityRunner.java:433)
	at net.serenitybdd.junit.runners.SerenityRunner.runChild(SerenityRunner.java:53)
	at org.junit.runners.ParentRunner$3.run(ParentRunner.java:290)
	at org.junit.runners.ParentRunner$1.schedule(ParentRunner.java:71)
	at org.junit.runners.ParentRunner.runChildren(ParentRunner.java:288)
	at org.junit.runners.ParentRunner.access$000(ParentRunner.java:58)
	at org.junit.runners.ParentRunner$2.evaluate(ParentRunner.java:268)
	at org.junit.runners.ParentRunner.run(ParentRunner.java:363)
	at net.serenitybdd.junit.runners.SerenityRunner.run(SerenityRunner.java:248)
	at org.apache.maven.surefire.junit4.JUnit4Provider.execute(JUnit4Provider.java:283)
	at org.apache.maven.surefire.junit4.JUnit4Provider.executeWithRerun(JUnit4Provider.java:173)
	at org.apache.maven.surefire.junit4.JUnit4Provider.executeTestSet(JUnit4Provider.java:153)
	at org.apache.maven.surefire.junit4.JUnit4Provider.invoke(JUnit4Provider.java:128)
	at org.apache.maven.surefire.booter.ForkedBooter.invokeProviderInSameClassLoader(ForkedBooter.java:203)
	at org.apache.maven.surefire.booter.ForkedBooter.runSuitesInProcess(ForkedBooter.java:155)
	at org.apache.maven.surefire.booter.ForkedBooter.main(ForkedBooter.java:103)
[main] ERROR net.thucydides.core.webdriver.WebDriverFacade - FAILED TO CREATE NEW WEBDRIVER_DRIVER INSTANCE class org.openqa.selenium.firefox.FirefoxDriver: Could not instantiate new webdriver instance of type class org.openqa.selenium.firefox.FirefoxDriver (Failed to connect to binary FirefoxBinary(C:\Program Files (x86)\Mozilla Firefox\firefox.exe) on port 7055; process output follows: 
le":true,"active":true,"userDisabled":false,"appDisabled":false,"descriptor":"C:\\Program Files (x86)\\Mozilla Firefox\\browser\\extensions\\{972ce4c6-7e08-4474-a285-3208198ce6fd}.xpi","installDate":1496861270707,"updateDate":1496861270707,"applyBackgroundUpdates":1,"skinnable":true,"size":19587,"sourceURI":null,"releaseNotesURI":null,"softDisabled":false,"foreignInstall":false,"hasBinaryComponents":false,"strictCompatibility":true,"locales":[],"targetApplications":[{"id":"{ec8030f7-c20a-464f-9b0e-13a3a9e97384}","minVersion":"52.1.2","maxVersion":"52.1.2"}],"targetPlatforms":[],"seen":true,"dependencies":[],"hasEmbeddedWebExtension":false}
1499623958088	addons.xpi	DEBUG	getModTime: Recursive scan of {972ce4c6-7e08-4474-a285-3208198ce6fd}
1499623958092	DeferredSave.extensions.json	DEBUG	Save changes
1499623958092	addons.xpi	DEBUG	Updating database with changes to installed add-ons
1499623958093	addons.xpi-utils	DEBUG	Updating add-on states
1499623958096	addons.xpi-utils	DEBUG	Writing add-ons list
1499623958393	addons.xpi	DEBUG	Registering manifest for C:\Program Files (x86)\Mozilla Firefox\browser\features\aushelper@mozilla.org.xpi
1499623958396	addons.xpi	DEBUG	Calling bootstrap method startup on aushelper@mozilla.org version 2.0
1499623958404	addons.xpi	DEBUG	Registering manifest for C:\Program Files (x86)\Mozilla Firefox\browser\features\e10srollout@mozilla.org.xpi
1499623958407	addons.xpi	DEBUG	Calling bootstrap method startup on e10srollout@mozilla.org version 1.9
1499623958473	addons.xpi	DEBUG	Registering manifest for C:\Program Files (x86)\Mozilla Firefox\browser\features\firefox@getpocket.com.xpi
1499623958476	addons.xpi	DEBUG	Calling bootstrap method startup on firefox@getpocket.com version 1.0.5
1499623958482	addons.xpi	DEBUG	Registering manifest for C:\Program Files (x86)\Mozilla Firefox\browser\features\webcompat@mozilla.org.xpi
1499623958485	addons.xpi	DEBUG	Calling bootstrap method startup on webcompat@mozilla.org version 1.0
1499623958501	addons.manager	DEBUG	Registering shutdown blocker for XPIProvider
1499623958505	addons.manager	DEBUG	Provider finished startup: XPIProvider
1499623958508	addons.manager	DEBUG	Starting provider: LightweightThemeManager
1499623958511	addons.manager	DEBUG	Registering shutdown blocker for LightweightThemeManager
1499623958511	addons.manager	DEBUG	Provider finished startup: LightweightThemeManager
1499623958514	addons.manager	DEBUG	Starting provider: GMPProvider
1499623958622	addons.manager	DEBUG	Registering shutdown blocker for GMPProvider
1499623958623	addons.manager	DEBUG	Provider finished startup: GMPProvider
1499623958624	addons.manager	DEBUG	Starting provider: PluginProvider
1499623958626	addons.manager	DEBUG	Registering shutdown blocker for PluginProvider
1499623958627	addons.manager	DEBUG	Provider finished startup: PluginProvider
1499623958630	addons.manager	DEBUG	Completed startup sequence
1499623966661	addons.manager	DEBUG	Starting provider: <unnamed-provider>
1499623966662	addons.manager	DEBUG	Registering shutdown blocker for <unnamed-provider>
1499623966664	addons.manager	DEBUG	Provider finished startup: <unnamed-provider>
1499623974031	DeferredSave.extensions.json	DEBUG	Write succeeded
1499623974032	addons.xpi-utils	DEBUG	XPI Database saved, setting schema version preference to 19
1499623974034	DeferredSave.extensions.json	DEBUG	Starting timer
1499623974072	DeferredSave.extensions.json	DEBUG	Starting write
1499623975204	addons.repository	DEBUG	No addons.json found.
1499623975207	DeferredSave.addons.json	DEBUG	Save changes
1499623975224	DeferredSave.addons.json	DEBUG	Starting timer
1499623975454	addons.manager	DEBUG	Starting provider: PreviousExperimentProvider
1499623975454	addons.manager	DEBUG	Registering shutdown blocker for PreviousExperimentProvider
1499623975456	addons.manager	DEBUG	Provider finished startup: PreviousExperimentProvider
1499623976055	DeferredSave.addons.json	DEBUG	Starting write
1499623980012	DeferredSave.extensions.json	DEBUG	Write succeeded
1499623980099	DeferredSave.addons.json	DEBUG	Write succeeded

Build info: version: '2.53.1', revision: 'a36b8b1cd5757287168e54b817830adce9b0158d', time: '2016-06-30 19:26:09'
System info: host: 'DESKTOP-O6568G8', ip: '192.168.1.176', os.name: 'Windows 10', os.arch: 'amd64', os.version: '10.0', java.version: '1.8.0_111'
Driver info: driver.version: FirefoxDriver
net.thucydides.core.webdriver.UnsupportedDriverException: Could not instantiate new webdriver instance of type class org.openqa.selenium.firefox.FirefoxDriver (Failed to connect to binary FirefoxBinary(C:\Program Files (x86)\Mozilla Firefox\firefox.exe) on port 7055; process output follows: 
le":true,"active":true,"userDisabled":false,"appDisabled":false,"descriptor":"C:\\Program Files (x86)\\Mozilla Firefox\\browser\\extensions\\{972ce4c6-7e08-4474-a285-3208198ce6fd}.xpi","installDate":1496861270707,"updateDate":1496861270707,"applyBackgroundUpdates":1,"skinnable":true,"size":19587,"sourceURI":null,"releaseNotesURI":null,"softDisabled":false,"foreignInstall":false,"hasBinaryComponents":false,"strictCompatibility":true,"locales":[],"targetApplications":[{"id":"{ec8030f7-c20a-464f-9b0e-13a3a9e97384}","minVersion":"52.1.2","maxVersion":"52.1.2"}],"targetPlatforms":[],"seen":true,"dependencies":[],"hasEmbeddedWebExtension":false}
1499623958088	addons.xpi	DEBUG	getModTime: Recursive scan of {972ce4c6-7e08-4474-a285-3208198ce6fd}
1499623958092	DeferredSave.extensions.json	DEBUG	Save changes
1499623958092	addons.xpi	DEBUG	Updating database with changes to installed add-ons
1499623958093	addons.xpi-utils	DEBUG	Updating add-on states
1499623958096	addons.xpi-utils	DEBUG	Writing add-ons list
1499623958393	addons.xpi	DEBUG	Registering manifest for C:\Program Files (x86)\Mozilla Firefox\browser\features\aushelper@mozilla.org.xpi
1499623958396	addons.xpi	DEBUG	Calling bootstrap method startup on aushelper@mozilla.org version 2.0
1499623958404	addons.xpi	DEBUG	Registering manifest for C:\Program Files (x86)\Mozilla Firefox\browser\features\e10srollout@mozilla.org.xpi
1499623958407	addons.xpi	DEBUG	Calling bootstrap method startup on e10srollout@mozilla.org version 1.9
1499623958473	addons.xpi	DEBUG	Registering manifest for C:\Program Files (x86)\Mozilla Firefox\browser\features\firefox@getpocket.com.xpi
1499623958476	addons.xpi	DEBUG	Calling bootstrap method startup on firefox@getpocket.com version 1.0.5
1499623958482	addons.xpi	DEBUG	Registering manifest for C:\Program Files (x86)\Mozilla Firefox\browser\features\webcompat@mozilla.org.xpi
1499623958485	addons.xpi	DEBUG	Calling bootstrap method startup on webcompat@mozilla.org version 1.0
1499623958501	addons.manager	DEBUG	Registering shutdown blocker for XPIProvider
1499623958505	addons.manager	DEBUG	Provider finished startup: XPIProvider
1499623958508	addons.manager	DEBUG	Starting provider: LightweightThemeManager
1499623958511	addons.manager	DEBUG	Registering shutdown blocker for LightweightThemeManager
1499623958511	addons.manager	DEBUG	Provider finished startup: LightweightThemeManager
1499623958514	addons.manager	DEBUG	Starting provider: GMPProvider
1499623958622	addons.manager	DEBUG	Registering shutdown blocker for GMPProvider
1499623958623	addons.manager	DEBUG	Provider finished startup: GMPProvider
1499623958624	addons.manager	DEBUG	Starting provider: PluginProvider
1499623958626	addons.manager	DEBUG	Registering shutdown blocker for PluginProvider
1499623958627	addons.manager	DEBUG	Provider finished startup: PluginProvider
1499623958630	addons.manager	DEBUG	Completed startup sequence
1499623966661	addons.manager	DEBUG	Starting provider: <unnamed-provider>
1499623966662	addons.manager	DEBUG	Registering shutdown blocker for <unnamed-provider>
1499623966664	addons.manager	DEBUG	Provider finished startup: <unnamed-provider>
1499623974031	DeferredSave.extensions.json	DEBUG	Write succeeded
1499623974032	addons.xpi-utils	DEBUG	XPI Database saved, setting schema version preference to 19
1499623974034	DeferredSave.extensions.json	DEBUG	Starting timer
1499623974072	DeferredSave.extensions.json	DEBUG	Starting write
1499623975204	addons.repository	DEBUG	No addons.json found.
1499623975207	DeferredSave.addons.json	DEBUG	Save changes
1499623975224	DeferredSave.addons.json	DEBUG	Starting timer
1499623975454	addons.manager	DEBUG	Starting provider: PreviousExperimentProvider
1499623975454	addons.manager	DEBUG	Registering shutdown blocker for PreviousExperimentProvider
1499623975456	addons.manager	DEBUG	Provider finished startup: PreviousExperimentProvider
1499623976055	DeferredSave.addons.json	DEBUG	Starting write
1499623980012	DeferredSave.extensions.json	DEBUG	Write succeeded
1499623980099	DeferredSave.addons.json	DEBUG	Write succeeded

Build info: version: '2.53.1', revision: 'a36b8b1cd5757287168e54b817830adce9b0158d', time: '2016-06-30 19:26:09'
System info: host: 'DESKTOP-O6568G8', ip: '192.168.1.176', os.name: 'Windows 10', os.arch: 'amd64', os.version: '10.0', java.version: '1.8.0_111'
Driver info: driver.version: FirefoxDriver
	at net.thucydides.core.webdriver.WebDriverFactory.newWebdriverInstance(WebDriverFactory.java:135)
	at net.thucydides.core.webdriver.WebDriverFacade.newDriverInstance(WebDriverFacade.java:144)
	at net.thucydides.core.webdriver.WebDriverFacade.newProxyDriver(WebDriverFacade.java:135)
	at net.thucydides.core.webdriver.WebDriverFacade.getProxiedDriver(WebDriverFacade.java:105)
	at net.thucydides.core.webdriver.WebDriverFacade.openIgnoringHtmlUnitScriptErrors(WebDriverFacade.java:180)
	at net.thucydides.core.webdriver.WebDriverFacade.get(WebDriverFacade.java:175)
	at net.serenitybdd.core.pages.PageObject.openPageAtUrl(PageObject.java:829)
	at net.serenitybdd.core.pages.PageObject.open(PageObject.java:739)
	at net.serenitybdd.core.pages.PageObject.open(PageObject.java:727)
	at net.serenitybdd.screenplay.actions.OpenPage.performAs(OpenPage.java:22)
	at net.serenitybdd.screenplay.actions.OpenPage$$EnhancerByCGLIB$$1dcad718.CGLIB$performAs$0(<generated>)
	at net.serenitybdd.screenplay.actions.OpenPage$$EnhancerByCGLIB$$1dcad718$$FastClassByCGLIB$$3674a13b.invoke(<generated>)
	at net.sf.cglib.proxy.MethodProxy.invokeSuper(MethodProxy.java:228)
	at net.thucydides.core.steps.StepInterceptor.invokeMethod(StepInterceptor.java:372)
	at net.thucydides.core.steps.StepInterceptor.executeTestStepMethod(StepInterceptor.java:357)
	at net.thucydides.core.steps.StepInterceptor.runTestStep(StepInterceptor.java:332)
	at net.thucydides.core.steps.StepInterceptor.testStepResult(StepInterceptor.java:134)
	at net.thucydides.core.steps.StepInterceptor.intercept(StepInterceptor.java:61)
	at net.serenitybdd.screenplay.actions.OpenPage$$EnhancerByCGLIB$$1dcad718.performAs(<generated>)
	at net.serenitybdd.screenplay.Actor.perform(Actor.java:96)
	at net.serenitybdd.screenplay.Actor.attemptsTo(Actor.java:80)
	at com.serenity.junit.tasks.OpenTheApplication.performAs(OpenTheApplication.java:15)
	at com.serenity.junit.tasks.OpenTheApplication$$EnhancerByCGLIB$$595be6bd.CGLIB$performAs$0(<generated>)
	at com.serenity.junit.tasks.OpenTheApplication$$EnhancerByCGLIB$$595be6bd$$FastClassByCGLIB$$f38cf1e5.invoke(<generated>)
	at net.sf.cglib.proxy.MethodProxy.invokeSuper(MethodProxy.java:228)
	at net.thucydides.core.steps.StepInterceptor.invokeMethod(StepInterceptor.java:372)
	at net.thucydides.core.steps.StepInterceptor.executeTestStepMethod(StepInterceptor.java:357)
	at net.thucydides.core.steps.StepInterceptor.runTestStep(StepInterceptor.java:332)
	at net.thucydides.core.steps.StepInterceptor.testStepResult(StepInterceptor.java:134)
	at net.thucydides.core.steps.StepInterceptor.intercept(StepInterceptor.java:61)
	at com.serenity.junit.tasks.OpenTheApplication$$EnhancerByCGLIB$$595be6bd.performAs(<generated>)
	at net.serenitybdd.screenplay.Actor.perform(Actor.java:96)
	at net.serenitybdd.screenplay.Actor.attemptsTo(Actor.java:80)
	at net.serenitybdd.screenplay.Actor.wasAbleTo(Actor.java:74)
	at com.serenity.junit.features.search.SearchByKeywordStory.search_results_should_show_the_search_term_in_the_title(SearchByKeywordStory.java:41)
	at sun.reflect.NativeMethodAccessorImpl.invoke0(Native Method)
	at sun.reflect.NativeMethodAccessorImpl.invoke(NativeMethodAccessorImpl.java:62)
	at sun.reflect.DelegatingMethodAccessorImpl.invoke(DelegatingMethodAccessorImpl.java:43)
	at java.lang.reflect.Method.invoke(Method.java:498)
	at org.junit.runners.model.FrameworkMethod$1.runReflectiveCall(FrameworkMethod.java:50)
	at org.junit.internal.runners.model.ReflectiveCallable.run(ReflectiveCallable.java:12)
	at org.junit.runners.model.FrameworkMethod.invokeExplosively(FrameworkMethod.java:47)
	at org.junit.internal.runners.statements.InvokeMethod.evaluate(InvokeMethod.java:17)
	at net.serenitybdd.junit.runners.SerenityStatement.evaluate(SerenityStatement.java:24)
	at org.junit.internal.runners.statements.RunBefores.evaluate(RunBefores.java:26)
	at org.junit.runners.ParentRunner.runLeaf(ParentRunner.java:325)
	at org.junit.runners.BlockJUnit4ClassRunner.runChild(BlockJUnit4ClassRunner.java:78)
	at net.serenitybdd.junit.runners.SerenityRunner.performRunChild(SerenityRunner.java:460)
	at net.serenitybdd.junit.runners.SerenityRunner.runChild(SerenityRunner.java:433)
	at net.serenitybdd.junit.runners.SerenityRunner.runChild(SerenityRunner.java:53)
	at org.junit.runners.ParentRunner$3.run(ParentRunner.java:290)
	at org.junit.runners.ParentRunner$1.schedule(ParentRunner.java:71)
	at org.junit.runners.ParentRunner.runChildren(ParentRunner.java:288)
	at org.junit.runners.ParentRunner.access$000(ParentRunner.java:58)
	at org.junit.runners.ParentRunner$2.evaluate(ParentRunner.java:268)
	at org.junit.runners.ParentRunner.run(ParentRunner.java:363)
	at net.serenitybdd.junit.runners.SerenityRunner.run(SerenityRunner.java:248)
	at org.apache.maven.surefire.junit4.JUnit4Provider.execute(JUnit4Provider.java:283)
	at org.apache.maven.surefire.junit4.JUnit4Provider.executeWithRerun(JUnit4Provider.java:173)
	at org.apache.maven.surefire.junit4.JUnit4Provider.executeTestSet(JUnit4Provider.java:153)
	at org.apache.maven.surefire.junit4.JUnit4Provider.invoke(JUnit4Provider.java:128)
	at org.apache.maven.surefire.booter.ForkedBooter.invokeProviderInSameClassLoader(ForkedBooter.java:203)
	at org.apache.maven.surefire.booter.ForkedBooter.runSuitesInProcess(ForkedBooter.java:155)
	at org.apache.maven.surefire.booter.ForkedBooter.main(ForkedBooter.java:103)
Caused by: org.openqa.selenium.WebDriverException: Failed to connect to binary FirefoxBinary(C:\Program Files (x86)\Mozilla Firefox\firefox.exe) on port 7055; process output follows: 
le":true,"active":true,"userDisabled":false,"appDisabled":false,"descriptor":"C:\\Program Files (x86)\\Mozilla Firefox\\browser\\extensions\\{972ce4c6-7e08-4474-a285-3208198ce6fd}.xpi","installDate":1496861270707,"updateDate":1496861270707,"applyBackgroundUpdates":1,"skinnable":true,"size":19587,"sourceURI":null,"releaseNotesURI":null,"softDisabled":false,"foreignInstall":false,"hasBinaryComponents":false,"strictCompatibility":true,"locales":[],"targetApplications":[{"id":"{ec8030f7-c20a-464f-9b0e-13a3a9e97384}","minVersion":"52.1.2","maxVersion":"52.1.2"}],"targetPlatforms":[],"seen":true,"dependencies":[],"hasEmbeddedWebExtension":false}
1499623958088	addons.xpi	DEBUG	getModTime: Recursive scan of {972ce4c6-7e08-4474-a285-3208198ce6fd}
1499623958092	DeferredSave.extensions.json	DEBUG	Save changes
1499623958092	addons.xpi	DEBUG	Updating database with changes to installed add-ons
1499623958093	addons.xpi-utils	DEBUG	Updating add-on states
1499623958096	addons.xpi-utils	DEBUG	Writing add-ons list
1499623958393	addons.xpi	DEBUG	Registering manifest for C:\Program Files (x86)\Mozilla Firefox\browser\features\aushelper@mozilla.org.xpi
1499623958396	addons.xpi	DEBUG	Calling bootstrap method startup on aushelper@mozilla.org version 2.0
1499623958404	addons.xpi	DEBUG	Registering manifest for C:\Program Files (x86)\Mozilla Firefox\browser\features\e10srollout@mozilla.org.xpi
1499623958407	addons.xpi	DEBUG	Calling bootstrap method startup on e10srollout@mozilla.org version 1.9
1499623958473	addons.xpi	DEBUG	Registering manifest for C:\Program Files (x86)\Mozilla Firefox\browser\features\firefox@getpocket.com.xpi
1499623958476	addons.xpi	DEBUG	Calling bootstrap method startup on firefox@getpocket.com version 1.0.5
1499623958482	addons.xpi	DEBUG	Registering manifest for C:\Program Files (x86)\Mozilla Firefox\browser\features\webcompat@mozilla.org.xpi
1499623958485	addons.xpi	DEBUG	Calling bootstrap method startup on webcompat@mozilla.org version 1.0
1499623958501	addons.manager	DEBUG	Registering shutdown blocker for XPIProvider
1499623958505	addons.manager	DEBUG	Provider finished startup: XPIProvider
1499623958508	addons.manager	DEBUG	Starting provider: LightweightThemeManager
1499623958511	addons.manager	DEBUG	Registering shutdown blocker for LightweightThemeManager
1499623958511	addons.manager	DEBUG	Provider finished startup: LightweightThemeManager
1499623958514	addons.manager	DEBUG	Starting provider: GMPProvider
1499623958622	addons.manager	DEBUG	Registering shutdown blocker for GMPProvider
1499623958623	addons.manager	DEBUG	Provider finished startup: GMPProvider
1499623958624	addons.manager	DEBUG	Starting provider: PluginProvider
1499623958626	addons.manager	DEBUG	Registering shutdown blocker for PluginProvider
1499623958627	addons.manager	DEBUG	Provider finished startup: PluginProvider
1499623958630	addons.manager	DEBUG	Completed startup sequence
1499623966661	addons.manager	DEBUG	Starting provider: <unnamed-provider>
1499623966662	addons.manager	DEBUG	Registering shutdown blocker for <unnamed-provider>
1499623966664	addons.manager	DEBUG	Provider finished startup: <unnamed-provider>
1499623974031	DeferredSave.extensions.json	DEBUG	Write succeeded
1499623974032	addons.xpi-utils	DEBUG	XPI Database saved, setting schema version preference to 19
1499623974034	DeferredSave.extensions.json	DEBUG	Starting timer
1499623974072	DeferredSave.extensions.json	DEBUG	Starting write
1499623975204	addons.repository	DEBUG	No addons.json found.
1499623975207	DeferredSave.addons.json	DEBUG	Save changes
1499623975224	DeferredSave.addons.json	DEBUG	Starting timer
1499623975454	addons.manager	DEBUG	Starting provider: PreviousExperimentProvider
1499623975454	addons.manager	DEBUG	Registering shutdown blocker for PreviousExperimentProvider
1499623975456	addons.manager	DEBUG	Provider finished startup: PreviousExperimentProvider
1499623976055	DeferredSave.addons.json	DEBUG	Starting write
1499623980012	DeferredSave.extensions.json	DEBUG	Write succeeded
1499623980099	DeferredSave.addons.json	DEBUG	Write succeeded

Build info: version: '2.53.1', revision: 'a36b8b1cd5757287168e54b817830adce9b0158d', time: '2016-06-30 19:26:09'
System info: host: 'DESKTOP-O6568G8', ip: '192.168.1.176', os.name: 'Windows 10', os.arch: 'amd64', os.version: '10.0', java.version: '1.8.0_111'
Driver info: driver.version: FirefoxDriver
	at org.openqa.selenium.firefox.internal.NewProfileExtensionConnection.start(NewProfileExtensionConnection.java:125)
	at org.openqa.selenium.firefox.FirefoxDriver.startClient(FirefoxDriver.java:271)
	at org.openqa.selenium.remote.RemoteWebDriver.<init>(RemoteWebDriver.java:119)
	at org.openqa.selenium.firefox.FirefoxDriver.<init>(FirefoxDriver.java:216)
	at org.openqa.selenium.firefox.FirefoxDriver.<init>(FirefoxDriver.java:211)
	at org.openqa.selenium.firefox.FirefoxDriver.<init>(FirefoxDriver.java:128)
	at net.serenitybdd.core.webdriver.driverproviders.FirefoxDriverProvider.newFirefoxDriver(FirefoxDriverProvider.java:67)
	at net.serenitybdd.core.webdriver.driverproviders.FirefoxDriverProvider.newInstance(FirefoxDriverProvider.java:51)
	at net.thucydides.core.webdriver.WebDriverFactory.newWebdriverInstance(WebDriverFactory.java:125)
	... 63 more
Caused by: org.openqa.selenium.firefox.NotConnectedException: Unable to connect to host 127.0.0.1 on port 7055 after 45000 ms. Firefox console output:
le":true,"active":true,"userDisabled":false,"appDisabled":false,"descriptor":"C:\\Program Files (x86)\\Mozilla Firefox\\browser\\extensions\\{972ce4c6-7e08-4474-a285-3208198ce6fd}.xpi","installDate":1496861270707,"updateDate":1496861270707,"applyBackgroundUpdates":1,"skinnable":true,"size":19587,"sourceURI":null,"releaseNotesURI":null,"softDisabled":false,"foreignInstall":false,"hasBinaryComponents":false,"strictCompatibility":true,"locales":[],"targetApplications":[{"id":"{ec8030f7-c20a-464f-9b0e-13a3a9e97384}","minVersion":"52.1.2","maxVersion":"52.1.2"}],"targetPlatforms":[],"seen":true,"dependencies":[],"hasEmbeddedWebExtension":false}
1499623958088	addons.xpi	DEBUG	getModTime: Recursive scan of {972ce4c6-7e08-4474-a285-3208198ce6fd}
1499623958092	DeferredSave.extensions.json	DEBUG	Save changes
1499623958092	addons.xpi	DEBUG	Updating database with changes to installed add-ons
1499623958093	addons.xpi-utils	DEBUG	Updating add-on states
1499623958096	addons.xpi-utils	DEBUG	Writing add-ons list
1499623958393	addons.xpi	DEBUG	Registering manifest for C:\Program Files (x86)\Mozilla Firefox\browser\features\aushelper@mozilla.org.xpi
1499623958396	addons.xpi	DEBUG	Calling bootstrap method startup on aushelper@mozilla.org version 2.0
1499623958404	addons.xpi	DEBUG	Registering manifest for C:\Program Files (x86)\Mozilla Firefox\browser\features\e10srollout@mozilla.org.xpi
1499623958407	addons.xpi	DEBUG	Calling bootstrap method startup on e10srollout@mozilla.org version 1.9
1499623958473	addons.xpi	DEBUG	Registering manifest for C:\Program Files (x86)\Mozilla Firefox\browser\features\firefox@getpocket.com.xpi
1499623958476	addons.xpi	DEBUG	Calling bootstrap method startup on firefox@getpocket.com version 1.0.5
1499623958482	addons.xpi	DEBUG	Registering manifest for C:\Program Files (x86)\Mozilla Firefox\browser\features\webcompat@mozilla.org.xpi
1499623958485	addons.xpi	DEBUG	Calling bootstrap method startup on webcompat@mozilla.org version 1.0
1499623958501	addons.manager	DEBUG	Registering shutdown blocker for XPIProvider
1499623958505	addons.manager	DEBUG	Provider finished startup: XPIProvider
1499623958508	addons.manager	DEBUG	Starting provider: LightweightThemeManager
1499623958511	addons.manager	DEBUG	Registering shutdown blocker for LightweightThemeManager
1499623958511	addons.manager	DEBUG	Provider finished startup: LightweightThemeManager
1499623958514	addons.manager	DEBUG	Starting provider: GMPProvider
1499623958622	addons.manager	DEBUG	Registering shutdown blocker for GMPProvider
1499623958623	addons.manager	DEBUG	Provider finished startup: GMPProvider
1499623958624	addons.manager	DEBUG	Starting provider: PluginProvider
1499623958626	addons.manager	DEBUG	Registering shutdown blocker for PluginProvider
1499623958627	addons.manager	DEBUG	Provider finished startup: PluginProvider
1499623958630	addons.manager	DEBUG	Completed startup sequence
1499623966661	addons.manager	DEBUG	Starting provider: <unnamed-provider>
1499623966662	addons.manager	DEBUG	Registering shutdown blocker for <unnamed-provider>
1499623966664	addons.manager	DEBUG	Provider finished startup: <unnamed-provider>
1499623974031	DeferredSave.extensions.json	DEBUG	Write succeeded
1499623974032	addons.xpi-utils	DEBUG	XPI Database saved, setting schema version preference to 19
1499623974034	DeferredSave.extensions.json	DEBUG	Starting timer
1499623974072	DeferredSave.extensions.json	DEBUG	Starting write
1499623975204	addons.repository	DEBUG	No addons.json found.
1499623975207	DeferredSave.addons.json	DEBUG	Save changes
1499623975224	DeferredSave.addons.json	DEBUG	Starting timer
1499623975454	addons.manager	DEBUG	Starting provider: PreviousExperimentProvider
1499623975454	addons.manager	DEBUG	Registering shutdown blocker for PreviousExperimentProvider
1499623975456	addons.manager	DEBUG	Provider finished startup: PreviousExperimentProvider
1499623976055	DeferredSave.addons.json	DEBUG	Starting write
1499623980012	DeferredSave.extensions.json	DEBUG	Write succeeded
1499623980099	DeferredSave.addons.json	DEBUG	Write succeeded

	at org.openqa.selenium.firefox.internal.NewProfileExtensionConnection.start(NewProfileExtensionConnection.java:113)
	... 71 more
]]></system-err>
  </testcase>
</testsuite>